{"message":"Unauthorized request to path: /api/comments","level":"error"}
{"message":"insert into \"comments\" (\"comment\", \"user_id\", \"video_id\") values ($1, $2, $3) returning * - column \"comment\" of relation \"comments\" does not exist","level":"error"}
{"message":"insert into \"comments\" (\"user_comment\", \"user_id\", \"video_id\") values ($1, $2, $3) returning * - duplicate key value violates unique constraint \"comments_pkey\"","level":"error"}
{"message":"logger is not defined","level":"error"}
{"message":"Comments with id 3 created.","level":"info"}
{"message":"path is not defined","level":"error"}
{"message":"Comments with id 4 created.","level":"info"}
{"message":"Comments with id 5 created.","level":"info"}
{"message":"Comments with id 6 created.","level":"info"}
{"message":"connect ECONNREFUSED 127.0.0.1:5432","level":"error"}
{"message":"Comments with id 1 created.","level":"info"}
{"message":"Comments with id 1 created.","level":"info"}
{"message":"Comments with id 1 created.","level":"info"}
{"message":"Comments with id 1 created.","level":"info"}
{"message":"Comments with id 1 created.","level":"info"}
{"message":"Comments with id 1 created.","level":"info"}
{"message":"Comments with id 1 created.","level":"info"}
{"message":"Comments with id 1 created.","level":"info"}
{"message":"Comments with id 1 created.","level":"info"}
{"message":"Comments with id 1 created.","level":"info"}
{"message":"Comments with id 1 created.","level":"info"}
{"message":"Comments with id 1 created.","level":"info"}
{"message":"Comments with id 1 created.","level":"info"}
{"message":"Comments with id 1 created.","level":"info"}
{"message":"Comments with id 1 created.","level":"info"}
{"message":"Comments with id 1 created.","level":"info"}
{"message":"Comments with id 1 created.","level":"info"}
{"message":"Comments with id 1 created.","level":"info"}
{"message":"Comments with id 1 created.","level":"info"}
{"message":"Comments with id 1 created.","level":"info"}
{"message":"Comments with id 1 created.","level":"info"}
{"message":"Comments with id 1 created.","level":"info"}
{"message":"Comments with id 1 created.","level":"info"}
{"message":"Comments with id 1 created.","level":"info"}
{"message":"Comments with id 1 created.","level":"info"}
{"message":"Comments with id 1 created.","level":"info"}
{"message":"Comments with id 1 created.","level":"info"}
{"message":"Comments with id 1 created.","level":"info"}
{"message":"Comments with id 1 created.","level":"info"}
{"message":"Comments with id 1 created.","level":"info"}
{"message":"Comments with id 1 created.","level":"info"}
{"message":"Comments with id 1 created.","level":"info"}
{"message":"Comments with id 1 created.","level":"info"}
{"message":"Comments with id 1 created.","level":"info"}
{"message":"Comments with id 1 created.","level":"info"}
{"message":"Comments with id 1 created.","level":"info"}
{"message":"Comments with id 1 created.","level":"info"}
{"message":"Comments with id 1 created.","level":"info"}
{"message":"Comments with id 1 created.","level":"info"}
{"message":"connect ECONNREFUSED 127.0.0.1:5432","level":"error"}
{"message":"connect ECONNREFUSED 127.0.0.1:5432","level":"error"}
{"message":"Comments with id 7 created.","level":"info"}
{"message":"Comments with id 8 created.","level":"info"}
{"message":"Comments with id 9 created.","level":"info"}
{"message":"Comments with id 10 created.","level":"info"}
{"message":"the database system is starting up","level":"error"}
{"message":"read ECONNRESET","level":"error"}
{"message":"the database system is starting up","level":"error"}
{"message":"the database system is starting up","level":"error"}
{"message":"the database system is starting up","level":"error"}
{"message":"the database system is starting up","level":"error"}
{"message":"connect ECONNREFUSED 127.0.0.1:5432","level":"error"}
{"message":"connect ECONNREFUSED 127.0.0.1:5432","level":"error"}
{"message":"Comments with id 11 created.","level":"info"}
{"message":"Comments with id 12 created.","level":"info"}
{"message":"Comments with id 13 created.","level":"info"}
{"message":"Comments with id 14 created.","level":"info"}
{"message":"Comments with id 15 created.","level":"info"}
{"message":"Comments with id 16 created.","level":"info"}
{"message":"Comments with id 17 created.","level":"info"}
{"message":"Comments with id 18 created.","level":"info"}
{"message":"Comments with id 19 created.","level":"info"}
{"message":"Comments with id 20 created.","level":"info"}
{"message":"Comments with id 21 created.","level":"info"}
{"message":"Comments with id 22 created.","level":"info"}
{"message":"Comments with id 23 created.","level":"info"}
{"message":"Comments with id 24 created.","level":"info"}
{"message":"Comments with id 25 created.","level":"info"}
{"message":"Comments with id 26 created.","level":"info"}
{"message":"Comments with id 27 created.","level":"info"}
